#
# There is insufficient memory for the Java Runtime Environment to continue.
# Native memory allocation (malloc) failed to allocate 946416 bytes. Error detail: Chunk::new
# Possible reasons:
#   The system is out of physical RAM or swap space
#   This process is running with CompressedOops enabled, and the Java Heap may be blocking the growth of the native heap
# Possible solutions:
#   Reduce memory load on the system
#   Increase physical memory or swap space
#   Check if swap backing store is full
#   Decrease Java heap size (-Xmx/-Xms)
#   Decrease number of Java threads
#   Decrease Java thread stack sizes (-Xss)
#   Set larger code cache with -XX:ReservedCodeCacheSize=
#   JVM is running with Unscaled Compressed Oops mode in which the Java heap is
#     placed in the first 4GB address space. The Java Heap base address is the
#     maximum limit for the native heap growth. Please use -XX:HeapBaseMinAddress
#     to set the Java Heap base and to place the Java Heap above 4GB virtual address.
# This output file may be truncated or incomplete.
#
#  Out of Memory Error (arena.cpp:168), pid=1652, tid=21008
#
# JRE version: OpenJDK Runtime Environment (21.0.6) (build 21.0.6+-13391695-b895.109)
# Java VM: OpenJDK 64-Bit Server VM (21.0.6+-13391695-b895.109, mixed mode, tiered, compressed oops, compressed class ptrs, g1 gc, windows-amd64)
# No core dump will be written. Minidumps are not enabled by default on client versions of Windows
#

---------------  S U M M A R Y ------------

Command Line: --add-opens=java.base/java.lang=ALL-UNNAMED --add-opens=java.base/java.lang.invoke=ALL-UNNAMED --add-opens=java.base/java.util=ALL-UNNAMED --add-opens=java.prefs/java.util.prefs=ALL-UNNAMED --add-exports=jdk.compiler/com.sun.tools.javac.api=ALL-UNNAMED --add-exports=jdk.compiler/com.sun.tools.javac.util=ALL-UNNAMED --add-opens=java.base/java.util=ALL-UNNAMED --add-opens=java.prefs/java.util.prefs=ALL-UNNAMED --add-opens=java.base/java.nio.charset=ALL-UNNAMED --add-opens=java.base/java.net=ALL-UNNAMED --add-opens=java.base/java.util.concurrent.atomic=ALL-UNNAMED --add-opens=java.xml/javax.xml.namespace=ALL-UNNAMED -Xmx2048m -Dfile.encoding=UTF-8 -Duser.country=US -Duser.language=en -Duser.variant -javaagent:C:\Users\Admin\Downloads\gradle-8.13-bin\gradle-8.13\wrapper\dists\gradle-9.0-milestone-1-bin\3vdepk4s12bybhohyuvjcm1bd\gradle-9.0-milestone-1\lib\agents\gradle-instrumentation-agent-9.0.jar org.gradle.launcher.daemon.bootstrap.GradleDaemon 9.0-milestone-1

Host: 12th Gen Intel(R) Core(TM) i5-12500H, 16 cores, 15G,  Windows 11 , 64 bit Build 26100 (10.0.26100.4202)
Time: Tue Jul 15 21:18:36 2025 SE Asia Standard Time elapsed time: 6.537066 seconds (0d 0h 0m 6s)

---------------  T H R E A D  ---------------

Current thread (0x000002615d216e20):  JavaThread "C2 CompilerThread1" daemon [_thread_in_native, id=21008, stack(0x000000ec09900000,0x000000ec09a00000) (1024K)]


Current CompileTask:
C2:6537 5614   !   4       java.net.URLClassLoader::defineClass (224 bytes)

Stack: [0x000000ec09900000,0x000000ec09a00000]
Native frames: (J=compiled Java code, j=interpreted, Vv=VM code, C=native code)
V  [jvm.dll+0x6d0639]
V  [jvm.dll+0x85eb03]
V  [jvm.dll+0x86105e]
V  [jvm.dll+0x861743]
V  [jvm.dll+0x27e6e6]
V  [jvm.dll+0xbff6d]
V  [jvm.dll+0xc04a3]
V  [jvm.dll+0x3b6171]
V  [jvm.dll+0x3820c7]
V  [jvm.dll+0x38153a]
V  [jvm.dll+0x247c82]
V  [jvm.dll+0x247251]
V  [jvm.dll+0x1c5f04]
V  [jvm.dll+0x2569ac]
V  [jvm.dll+0x254ef6]
V  [jvm.dll+0x3f0e96]
V  [jvm.dll+0x806ed8]
V  [jvm.dll+0x6cef0d]
C  [ucrtbase.dll+0x37b0]
C  [KERNEL32.DLL+0x2e8d7]
C  [ntdll.dll+0x3c34c]


---------------  P R O C E S S  ---------------

Threads class SMR info:
_java_thread_list=0x00000261621a58b0, length=37, elements={
0x00000261406b8780, 0x0000026158aaea40, 0x0000026158ab14a0, 0x0000026158ab53d0,
0x0000026158ab6030, 0x0000026158a9bad0, 0x0000026158ac13b0, 0x0000026158ac3550,
0x0000026158ac4780, 0x00000261588dd370, 0x0000026158c8d000, 0x0000026158c8f6b0,
0x000002615d1459d0, 0x000002615d216e20, 0x000002615d30cfb0, 0x000002615ed66340,
0x000002615ecca950, 0x000002615ecca080, 0x000002615ea86c10, 0x000002615ef24f40,
0x000002615eee1d40, 0x000002615de3ca70, 0x000002615de3f1d0, 0x000002615de3e4b0,
0x000002615de3eb40, 0x000002615de3bd50, 0x000002615de3d100, 0x000002615de3d790,
0x000002615e339ed0, 0x000002615f69d400, 0x000002615f69da90, 0x000002615f69e7b0,
0x000002615f69e120, 0x000002615f69ee40, 0x000002615f69cd70, 0x000002615f6a0f10,
0x000002615f6a2950
}

Java Threads: ( => current thread )
  0x00000261406b8780 JavaThread "main"                              [_thread_blocked, id=22232, stack(0x000000ec08400000,0x000000ec08500000) (1024K)]
  0x0000026158aaea40 JavaThread "Reference Handler"          daemon [_thread_blocked, id=13792, stack(0x000000ec08c00000,0x000000ec08d00000) (1024K)]
  0x0000026158ab14a0 JavaThread "Finalizer"                  daemon [_thread_blocked, id=4712, stack(0x000000ec08d00000,0x000000ec08e00000) (1024K)]
  0x0000026158ab53d0 JavaThread "Signal Dispatcher"          daemon [_thread_blocked, id=5232, stack(0x000000ec08e00000,0x000000ec08f00000) (1024K)]
  0x0000026158ab6030 JavaThread "Attach Listener"            daemon [_thread_blocked, id=14180, stack(0x000000ec08f00000,0x000000ec09000000) (1024K)]
  0x0000026158a9bad0 JavaThread "Service Thread"             daemon [_thread_blocked, id=6584, stack(0x000000ec09000000,0x000000ec09100000) (1024K)]
  0x0000026158ac13b0 JavaThread "Monitor Deflation Thread"   daemon [_thread_blocked, id=18948, stack(0x000000ec09100000,0x000000ec09200000) (1024K)]
  0x0000026158ac3550 JavaThread "C2 CompilerThread0"         daemon [_thread_blocked, id=14056, stack(0x000000ec09200000,0x000000ec09300000) (1024K)]
  0x0000026158ac4780 JavaThread "C1 CompilerThread0"         daemon [_thread_blocked, id=19796, stack(0x000000ec09300000,0x000000ec09400000) (1024K)]
  0x00000261588dd370 JavaThread "Common-Cleaner"             daemon [_thread_blocked, id=2040, stack(0x000000ec09400000,0x000000ec09500000) (1024K)]
  0x0000026158c8d000 JavaThread "C1 CompilerThread1"         daemon [_thread_blocked, id=17312, stack(0x000000ec09500000,0x000000ec09600000) (1024K)]
  0x0000026158c8f6b0 JavaThread "C1 CompilerThread2"         daemon [_thread_blocked, id=20020, stack(0x000000ec09600000,0x000000ec09700000) (1024K)]
  0x000002615d1459d0 JavaThread "Notification Thread"        daemon [_thread_blocked, id=10496, stack(0x000000ec09800000,0x000000ec09900000) (1024K)]
=>0x000002615d216e20 JavaThread "C2 CompilerThread1"         daemon [_thread_in_native, id=21008, stack(0x000000ec09900000,0x000000ec09a00000) (1024K)]
  0x000002615d30cfb0 JavaThread "C2 CompilerThread2"         daemon [_thread_blocked, id=14784, stack(0x000000ec09f00000,0x000000ec0a000000) (1024K)]
  0x000002615ed66340 JavaThread "Daemon health stats"               [_thread_blocked, id=21584, stack(0x000000ec0a000000,0x000000ec0a100000) (1024K)]
  0x000002615ecca950 JavaThread "Incoming local TCP Connector on port 55552"        [_thread_in_native, id=20760, stack(0x000000ec0a100000,0x000000ec0a200000) (1024K)]
  0x000002615ecca080 JavaThread "Daemon periodic checks"            [_thread_blocked, id=20744, stack(0x000000ec0a200000,0x000000ec0a300000) (1024K)]
  0x000002615ea86c10 JavaThread "Daemon"                            [_thread_blocked, id=6900, stack(0x000000ec0a300000,0x000000ec0a400000) (1024K)]
  0x000002615ef24f40 JavaThread "Handler for socket connection from /127.0.0.1:55552 to /127.0.0.1:55553"        [_thread_in_native, id=6220, stack(0x000000ec0a400000,0x000000ec0a500000) (1024K)]
  0x000002615eee1d40 JavaThread "Cancel handler"                    [_thread_blocked, id=22360, stack(0x000000ec0a500000,0x000000ec0a600000) (1024K)]
  0x000002615de3ca70 JavaThread "Daemon worker"                     [_thread_blocked, id=2300, stack(0x000000ec0a600000,0x000000ec0a700000) (1024K)]
  0x000002615de3f1d0 JavaThread "Asynchronous log dispatcher for DefaultDaemonConnection: socket connection from /127.0.0.1:55552 to /127.0.0.1:55553"        [_thread_blocked, id=7384, stack(0x000000ec0a700000,0x000000ec0a800000) (1024K)]
  0x000002615de3e4b0 JavaThread "Stdin handler"                     [_thread_blocked, id=6828, stack(0x000000ec0a800000,0x000000ec0a900000) (1024K)]
  0x000002615de3eb40 JavaThread "Daemon client event forwarder"        [_thread_blocked, id=22440, stack(0x000000ec0a900000,0x000000ec0aa00000) (1024K)]
  0x000002615de3bd50 JavaThread "Cache worker for journal cache (C:\Users\Admin\Downloads\gradle-8.13-bin\gradle-8.13\caches\journal-1)"        [_thread_blocked, id=21260, stack(0x000000ec0b300000,0x000000ec0b400000) (1024K)]
  0x000002615de3d100 JavaThread "File lock request listener"        [_thread_in_native, id=18640, stack(0x000000ec0b400000,0x000000ec0b500000) (1024K)]
  0x000002615de3d790 JavaThread "Cache worker for file hash cache (C:\Users\Admin\Downloads\gradle-8.13-bin\gradle-8.13\caches\9.0-milestone-1\fileHashes)"        [_thread_blocked, id=12768, stack(0x000000ec0b500000,0x000000ec0b600000) (1024K)]
  0x000002615e339ed0 JavaThread "C2 CompilerThread3"         daemon [_thread_blocked, id=16300, stack(0x000000ec0b600000,0x000000ec0b700000) (1024K)]
  0x000002615f69d400 JavaThread "Cache worker for file hash cache (D:\FEvent\.gradle\9.0-milestone-1\fileHashes)"        [_thread_blocked, id=10304, stack(0x000000ec0b700000,0x000000ec0b800000) (1024K)]
  0x000002615f69da90 JavaThread "Cache worker for Build Output Cleanup Cache (D:\FEvent\.gradle\buildOutputCleanup)"        [_thread_blocked, id=7628, stack(0x000000ec0b800000,0x000000ec0b900000) (1024K)]
  0x000002615f69e7b0 JavaThread "File watcher server"        daemon [_thread_in_native, id=14444, stack(0x000000ec0b900000,0x000000ec0ba00000) (1024K)]
  0x000002615f69e120 JavaThread "File watcher consumer"      daemon [_thread_blocked, id=18820, stack(0x000000ec0ba00000,0x000000ec0bb00000) (1024K)]
  0x000002615f69ee40 JavaThread "Cache worker for checksums cache (D:\FEvent\.gradle\9.0-milestone-1\checksums)"        [_thread_blocked, id=13388, stack(0x000000ec0bb00000,0x000000ec0bc00000) (1024K)]
  0x000002615f69cd70 JavaThread "Cache worker for file content cache (C:\Users\Admin\Downloads\gradle-8.13-bin\gradle-8.13\caches\9.0-milestone-1\fileContent)"        [_thread_blocked, id=8524, stack(0x000000ec0bc00000,0x000000ec0bd00000) (1024K)]
  0x000002615f6a0f10 JavaThread "Cache worker for cache directory md-supplier (C:\Users\Admin\Downloads\gradle-8.13-bin\gradle-8.13\caches\9.0-milestone-1\md-supplier)"        [_thread_blocked, id=4320, stack(0x000000ec0bd00000,0x000000ec0be00000) (1024K)]
  0x000002615f6a2950 JavaThread "Cache worker for cache directory md-rule (C:\Users\Admin\Downloads\gradle-8.13-bin\gradle-8.13\caches\9.0-milestone-1\md-rule)"        [_thread_blocked, id=21648, stack(0x000000ec0be00000,0x000000ec0bf00000) (1024K)]
Total: 37

Other Threads:
  0x000002615891ec10 VMThread "VM Thread"                           [id=20916, stack(0x000000ec08b00000,0x000000ec08c00000) (1024K)] _threads_hazard_ptr=0x00000261621a58b0
  0x00000261588dbcd0 WatcherThread "VM Periodic Task Thread"        [id=2892, stack(0x000000ec08a00000,0x000000ec08b00000) (1024K)]
  0x000002613e3ae060 WorkerThread "GC Thread#0"                     [id=15968, stack(0x000000ec08500000,0x000000ec08600000) (1024K)]
  0x000002615d221550 WorkerThread "GC Thread#1"                     [id=1328, stack(0x000000ec09a00000,0x000000ec09b00000) (1024K)]
  0x000002615d2218f0 WorkerThread "GC Thread#2"                     [id=8472, stack(0x000000ec09b00000,0x000000ec09c00000) (1024K)]
  0x000002615d267e20 WorkerThread "GC Thread#3"                     [id=464, stack(0x000000ec09c00000,0x000000ec09d00000) (1024K)]
  0x000002615d2681c0 WorkerThread "GC Thread#4"                     [id=21640, stack(0x000000ec09d00000,0x000000ec09e00000) (1024K)]
  0x000002615d268560 WorkerThread "GC Thread#5"                     [id=21980, stack(0x000000ec09e00000,0x000000ec09f00000) (1024K)]
  0x000002615ec02000 WorkerThread "GC Thread#6"                     [id=6244, stack(0x000000ec0aa00000,0x000000ec0ab00000) (1024K)]
  0x000002615ee021b0 WorkerThread "GC Thread#7"                     [id=20520, stack(0x000000ec0ab00000,0x000000ec0ac00000) (1024K)]
  0x000002615ee3e840 WorkerThread "GC Thread#8"                     [id=21500, stack(0x000000ec0ac00000,0x000000ec0ad00000) (1024K)]
  0x000002615ee3f320 WorkerThread "GC Thread#9"                     [id=11664, stack(0x000000ec0ad00000,0x000000ec0ae00000) (1024K)]
  0x000002615ee3ebe0 WorkerThread "GC Thread#10"                    [id=17784, stack(0x000000ec0ae00000,0x000000ec0af00000) (1024K)]
  0x000002615ee3ef80 WorkerThread "GC Thread#11"                    [id=19668, stack(0x000000ec0af00000,0x000000ec0b000000) (1024K)]
  0x000002615ee3fe00 WorkerThread "GC Thread#12"                    [id=20896, stack(0x000000ec0b000000,0x000000ec0b100000) (1024K)]
  0x0000026140720270 ConcurrentGCThread "G1 Main Marker"            [id=6008, stack(0x000000ec08600000,0x000000ec08700000) (1024K)]
  0x0000026140721490 WorkerThread "G1 Conc#0"                       [id=12100, stack(0x000000ec08700000,0x000000ec08800000) (1024K)]
  0x000002615ee3f6c0 WorkerThread "G1 Conc#1"                       [id=12004, stack(0x000000ec0b100000,0x000000ec0b200000) (1024K)]
  0x000002615ee3fa60 WorkerThread "G1 Conc#2"                       [id=19252, stack(0x000000ec0b200000,0x000000ec0b300000) (1024K)]
  0x000002615880bb70 ConcurrentGCThread "G1 Refine#0"               [id=11364, stack(0x000000ec08800000,0x000000ec08900000) (1024K)]
  0x000002615880c5f0 ConcurrentGCThread "G1 Service"                [id=22076, stack(0x000000ec08900000,0x000000ec08a00000) (1024K)]
Total: 21

Threads with active compile tasks:
C2 CompilerThread0  6549 5647       4       java.util.stream.Sink$ChainedReference::cancellationRequested (10 bytes)
C1 CompilerThread0  6549 5640   !   3       java.lang.Thread::beforeSleep (33 bytes)
C1 CompilerThread1  6549 5642   !   3       java.util.concurrent.LinkedBlockingQueue::poll (128 bytes)
C1 CompilerThread2  6549 5639   !   3       java.lang.Thread::sleep (82 bytes)
C2 CompilerThread1  6549 5614   !   4       java.net.URLClassLoader::defineClass (224 bytes)
C2 CompilerThread2  6549 5635       4       org.gradle.internal.service.DefaultServiceRegistry$ClassInspector::getDetailsForClass (50 bytes)
C2 CompilerThread3  6549 5616   !   4       sun.reflect.annotation.AnnotationParser::parseAnnotations (37 bytes)
Total: 7

VM state: synchronizing (normal execution)

VM Mutex/Monitor currently owned by a thread:  ([mutex/lock_event])
[0x00007ffc166fe3a0] Threads_lock - owner thread: 0x000002615891ec10

Heap address: 0x0000000080000000, size: 2048 MB, Compressed Oops mode: 32-bit

CDS archive(s) not mapped
Compressed class space mapped at: 0x0000000100000000-0x0000000140000000, reserved size: 1073741824
Narrow klass base: 0x0000000000000000, Narrow klass shift: 3, Narrow klass range: 0x140000000

GC Precious Log:
 CardTable entry size: 512
 Card Set container configuration: InlinePtr #cards 5 size 8 Array Of Cards #cards 12 size 40 Howl #buckets 4 coarsen threshold 1843 Howl Bitmap #cards 512 size 80 coarsen threshold 460 Card regions per heap region 1 cards per card region 2048
 CPUs: 16 total, 16 available
 Memory: 16176M
 Large Page Support: Disabled
 NUMA Support: Disabled
 Compressed Oops: Enabled (32-bit)
 Heap Region Size: 1M
 Heap Min Capacity: 8M
 Heap Initial Capacity: 254M
 Heap Max Capacity: 2G
 Pre-touch: Disabled
 Parallel Workers: 13
 Concurrent Workers: 3
 Concurrent Refinement Workers: 13
 Periodic GC: Disabled

Heap:
 garbage-first heap   total 107520K, used 55492K [0x0000000080000000, 0x0000000100000000)
  region size 1024K, 23 young (23552K), 5 survivors (5120K)
 Metaspace       used 61434K, committed 63040K, reserved 1114112K
  class space    used 8296K, committed 9088K, reserved 1048576K

Heap Regions: E=young(eden), S=young(survivor), O=old, HS=humongous(starts), HC=humongous(continues), CS=collection set, F=free, TAMS=top-at-mark-start, PB=parsable bottom
|   0|0x0000000080000000, 0x0000000080100000, 0x0000000080100000|100%|HS|  |TAMS 0x0000000080000000| PB 0x0000000080000000| Complete 
|   1|0x0000000080100000, 0x0000000080200000, 0x0000000080200000|100%|HC|  |TAMS 0x0000000080100000| PB 0x0000000080100000| Complete 
|   2|0x0000000080200000, 0x0000000080300000, 0x0000000080300000|100%|HC|  |TAMS 0x0000000080200000| PB 0x0000000080200000| Complete 
|   3|0x0000000080300000, 0x0000000080300000, 0x0000000080400000|  0%| F|  |TAMS 0x0000000080300000| PB 0x0000000080300000| Untracked 
|   4|0x0000000080400000, 0x0000000080500000, 0x0000000080500000|100%| O|  |TAMS 0x0000000080400000| PB 0x0000000080400000| Untracked 
|   5|0x0000000080500000, 0x0000000080600000, 0x0000000080600000|100%| O|  |TAMS 0x0000000080500000| PB 0x0000000080500000| Untracked 
|   6|0x0000000080600000, 0x0000000080700000, 0x0000000080700000|100%|HS|  |TAMS 0x0000000080600000| PB 0x0000000080600000| Complete 
|   7|0x0000000080700000, 0x0000000080800000, 0x0000000080800000|100%| O|  |TAMS 0x0000000080700000| PB 0x0000000080700000| Untracked 
|   8|0x0000000080800000, 0x0000000080900000, 0x0000000080900000|100%| O|  |TAMS 0x0000000080800000| PB 0x0000000080800000| Untracked 
|   9|0x0000000080900000, 0x0000000080a00000, 0x0000000080a00000|100%| O|  |TAMS 0x0000000080900000| PB 0x0000000080900000| Untracked 
|  10|0x0000000080a00000, 0x0000000080b00000, 0x0000000080b00000|100%| O|  |TAMS 0x0000000080a00000| PB 0x0000000080a00000| Untracked 
|  11|0x0000000080b00000, 0x0000000080c00000, 0x0000000080c00000|100%| O|  |TAMS 0x0000000080b00000| PB 0x0000000080b00000| Untracked 
|  12|0x0000000080c00000, 0x0000000080d00000, 0x0000000080d00000|100%| O|  |TAMS 0x0000000080c00000| PB 0x0000000080c00000| Untracked 
|  13|0x0000000080d00000, 0x0000000080e00000, 0x0000000080e00000|100%| O|  |TAMS 0x0000000080d00000| PB 0x0000000080d00000| Untracked 
|  14|0x0000000080e00000, 0x0000000080f00000, 0x0000000080f00000|100%| O|  |TAMS 0x0000000080e00000| PB 0x0000000080e00000| Untracked 
|  15|0x0000000080f00000, 0x0000000081000000, 0x0000000081000000|100%| O|  |TAMS 0x0000000080f00000| PB 0x0000000080f00000| Untracked 
|  16|0x0000000081000000, 0x0000000081100000, 0x0000000081100000|100%| O|Cm|TAMS 0x0000000081000000| PB 0x0000000081000000| Complete 
|  17|0x0000000081100000, 0x0000000081200000, 0x0000000081200000|100%| O|  |TAMS 0x0000000081100000| PB 0x0000000081100000| Untracked 
|  18|0x0000000081200000, 0x0000000081300000, 0x0000000081300000|100%| O|  |TAMS 0x0000000081200000| PB 0x0000000081200000| Untracked 
|  19|0x0000000081300000, 0x0000000081400000, 0x0000000081400000|100%| O|  |TAMS 0x0000000081300000| PB 0x0000000081300000| Untracked 
|  20|0x0000000081400000, 0x0000000081500000, 0x0000000081500000|100%| O|  |TAMS 0x0000000081400000| PB 0x0000000081400000| Untracked 
|  21|0x0000000081500000, 0x0000000081500000, 0x0000000081600000|  0%| F|  |TAMS 0x0000000081500000| PB 0x0000000081500000| Untracked 
|  22|0x0000000081600000, 0x0000000081700000, 0x0000000081700000|100%| O|  |TAMS 0x0000000081600000| PB 0x0000000081600000| Untracked 
|  23|0x0000000081700000, 0x0000000081700000, 0x0000000081800000|  0%| F|  |TAMS 0x0000000081700000| PB 0x0000000081700000| Untracked 
|  24|0x0000000081800000, 0x0000000081800000, 0x0000000081900000|  0%| F|  |TAMS 0x0000000081800000| PB 0x0000000081800000| Untracked 
|  25|0x0000000081900000, 0x0000000081900000, 0x0000000081a00000|  0%| F|  |TAMS 0x0000000081900000| PB 0x0000000081900000| Untracked 
|  26|0x0000000081a00000, 0x0000000081b00000, 0x0000000081b00000|100%| O|  |TAMS 0x0000000081a00000| PB 0x0000000081a00000| Untracked 
|  27|0x0000000081b00000, 0x0000000081c00000, 0x0000000081c00000|100%| O|  |TAMS 0x0000000081b00000| PB 0x0000000081b00000| Untracked 
|  28|0x0000000081c00000, 0x0000000081d00000, 0x0000000081d00000|100%| O|  |TAMS 0x0000000081c00000| PB 0x0000000081c00000| Untracked 
|  29|0x0000000081d00000, 0x0000000081e00000, 0x0000000081e00000|100%| O|  |TAMS 0x0000000081d00000| PB 0x0000000081d00000| Untracked 
|  30|0x0000000081e00000, 0x0000000081f00000, 0x0000000081f00000|100%| O|  |TAMS 0x0000000081e00000| PB 0x0000000081e00000| Untracked 
|  31|0x0000000081f00000, 0x0000000081f31260, 0x0000000082000000| 19%| O|  |TAMS 0x0000000081f00000| PB 0x0000000081f00000| Untracked 
|  32|0x0000000082000000, 0x0000000082000000, 0x0000000082100000|  0%| F|  |TAMS 0x0000000082000000| PB 0x0000000082000000| Untracked 
|  33|0x0000000082100000, 0x0000000082100000, 0x0000000082200000|  0%| F|  |TAMS 0x0000000082100000| PB 0x0000000082100000| Untracked 
|  34|0x0000000082200000, 0x0000000082200000, 0x0000000082300000|  0%| F|  |TAMS 0x0000000082200000| PB 0x0000000082200000| Untracked 
|  35|0x0000000082300000, 0x0000000082300000, 0x0000000082400000|  0%| F|  |TAMS 0x0000000082300000| PB 0x0000000082300000| Untracked 
|  36|0x0000000082400000, 0x0000000082400000, 0x0000000082500000|  0%| F|  |TAMS 0x0000000082400000| PB 0x0000000082400000| Untracked 
|  37|0x0000000082500000, 0x0000000082500000, 0x0000000082600000|  0%| F|  |TAMS 0x0000000082500000| PB 0x0000000082500000| Untracked 
|  38|0x0000000082600000, 0x0000000082600000, 0x0000000082700000|  0%| F|  |TAMS 0x0000000082600000| PB 0x0000000082600000| Untracked 
|  39|0x0000000082700000, 0x0000000082700000, 0x0000000082800000|  0%| F|  |TAMS 0x0000000082700000| PB 0x0000000082700000| Untracked 
|  40|0x0000000082800000, 0x0000000082800000, 0x0000000082900000|  0%| F|  |TAMS 0x0000000082800000| PB 0x0000000082800000| Untracked 
|  41|0x0000000082900000, 0x0000000082900000, 0x0000000082a00000|  0%| F|  |TAMS 0x0000000082900000| PB 0x0000000082900000| Untracked 
|  42|0x0000000082a00000, 0x0000000082a00000, 0x0000000082b00000|  0%| F|  |TAMS 0x0000000082a00000| PB 0x0000000082a00000| Untracked 
|  43|0x0000000082b00000, 0x0000000082b00000, 0x0000000082c00000|  0%| F|  |TAMS 0x0000000082b00000| PB 0x0000000082b00000| Untracked 
|  44|0x0000000082c00000, 0x0000000082c00000, 0x0000000082d00000|  0%| F|  |TAMS 0x0000000082c00000| PB 0x0000000082c00000| Untracked 
|  45|0x0000000082d00000, 0x0000000082d00000, 0x0000000082e00000|  0%| F|  |TAMS 0x0000000082d00000| PB 0x0000000082d00000| Untracked 
|  46|0x0000000082e00000, 0x0000000082e00000, 0x0000000082f00000|  0%| F|  |TAMS 0x0000000082e00000| PB 0x0000000082e00000| Untracked 
|  47|0x0000000082f00000, 0x0000000082f00000, 0x0000000083000000|  0%| F|  |TAMS 0x0000000082f00000| PB 0x0000000082f00000| Untracked 
|  48|0x0000000083000000, 0x0000000083000000, 0x0000000083100000|  0%| F|  |TAMS 0x0000000083000000| PB 0x0000000083000000| Untracked 
|  49|0x0000000083100000, 0x0000000083100000, 0x0000000083200000|  0%| F|  |TAMS 0x0000000083100000| PB 0x0000000083100000| Untracked 
|  50|0x0000000083200000, 0x0000000083200000, 0x0000000083300000|  0%| F|  |TAMS 0x0000000083200000| PB 0x0000000083200000| Untracked 
|  51|0x0000000083300000, 0x0000000083300000, 0x0000000083400000|  0%| F|  |TAMS 0x0000000083300000| PB 0x0000000083300000| Untracked 
|  52|0x0000000083400000, 0x0000000083400000, 0x0000000083500000|  0%| F|  |TAMS 0x0000000083400000| PB 0x0000000083400000| Untracked 
|  53|0x0000000083500000, 0x0000000083500000, 0x0000000083600000|  0%| F|  |TAMS 0x0000000083500000| PB 0x0000000083500000| Untracked 
|  54|0x0000000083600000, 0x0000000083600000, 0x0000000083700000|  0%| F|  |TAMS 0x0000000083600000| PB 0x0000000083600000| Untracked 
|  55|0x0000000083700000, 0x0000000083700000, 0x0000000083800000|  0%| F|  |TAMS 0x0000000083700000| PB 0x0000000083700000| Untracked 
|  56|0x0000000083800000, 0x0000000083800000, 0x0000000083900000|  0%| F|  |TAMS 0x0000000083800000| PB 0x0000000083800000| Untracked 
|  57|0x0000000083900000, 0x0000000083900000, 0x0000000083a00000|  0%| F|  |TAMS 0x0000000083900000| PB 0x0000000083900000| Untracked 
|  58|0x0000000083a00000, 0x0000000083a00000, 0x0000000083b00000|  0%| F|  |TAMS 0x0000000083a00000| PB 0x0000000083a00000| Untracked 
|  59|0x0000000083b00000, 0x0000000083b00000, 0x0000000083c00000|  0%| F|  |TAMS 0x0000000083b00000| PB 0x0000000083b00000| Untracked 
|  60|0x0000000083c00000, 0x0000000083c00000, 0x0000000083d00000|  0%| F|  |TAMS 0x0000000083c00000| PB 0x0000000083c00000| Untracked 
|  61|0x0000000083d00000, 0x0000000083d00000, 0x0000000083e00000|  0%| F|  |TAMS 0x0000000083d00000| PB 0x0000000083d00000| Untracked 
|  62|0x0000000083e00000, 0x0000000083e00000, 0x0000000083f00000|  0%| F|  |TAMS 0x0000000083e00000| PB 0x0000000083e00000| Untracked 
|  63|0x0000000083f00000, 0x0000000083f00000, 0x0000000084000000|  0%| F|  |TAMS 0x0000000083f00000| PB 0x0000000083f00000| Untracked 
|  64|0x0000000084000000, 0x0000000084000000, 0x0000000084100000|  0%| F|  |TAMS 0x0000000084000000| PB 0x0000000084000000| Untracked 
|  65|0x0000000084100000, 0x0000000084100000, 0x0000000084200000|  0%| F|  |TAMS 0x0000000084100000| PB 0x0000000084100000| Untracked 
|  66|0x0000000084200000, 0x0000000084300000, 0x0000000084300000|100%| S|CS|TAMS 0x0000000084200000| PB 0x0000000084200000| Complete 
|  67|0x0000000084300000, 0x0000000084400000, 0x0000000084400000|100%| S|CS|TAMS 0x0000000084300000| PB 0x0000000084300000| Complete 
|  68|0x0000000084400000, 0x0000000084500000, 0x0000000084500000|100%| S|CS|TAMS 0x0000000084400000| PB 0x0000000084400000| Complete 
|  69|0x0000000084500000, 0x0000000084600000, 0x0000000084600000|100%| S|CS|TAMS 0x0000000084500000| PB 0x0000000084500000| Complete 
|  70|0x0000000084600000, 0x0000000084700000, 0x0000000084700000|100%| S|CS|TAMS 0x0000000084600000| PB 0x0000000084600000| Complete 
|  71|0x0000000084700000, 0x0000000084700000, 0x0000000084800000|  0%| F|  |TAMS 0x0000000084700000| PB 0x0000000084700000| Untracked 
|  72|0x0000000084800000, 0x0000000084800000, 0x0000000084900000|  0%| F|  |TAMS 0x0000000084800000| PB 0x0000000084800000| Untracked 
|  73|0x0000000084900000, 0x0000000084900000, 0x0000000084a00000|  0%| F|  |TAMS 0x0000000084900000| PB 0x0000000084900000| Untracked 
|  74|0x0000000084a00000, 0x0000000084a00000, 0x0000000084b00000|  0%| F|  |TAMS 0x0000000084a00000| PB 0x0000000084a00000| Untracked 
|  75|0x0000000084b00000, 0x0000000084b00000, 0x0000000084c00000|  0%| F|  |TAMS 0x0000000084b00000| PB 0x0000000084b00000| Untracked 
|  76|0x0000000084c00000, 0x0000000084c00000, 0x0000000084d00000|  0%| F|  |TAMS 0x0000000084c00000| PB 0x0000000084c00000| Untracked 
|  77|0x0000000084d00000, 0x0000000084d00000, 0x0000000084e00000|  0%| F|  |TAMS 0x0000000084d00000| PB 0x0000000084d00000| Untracked 
|  78|0x0000000084e00000, 0x0000000084e00000, 0x0000000084f00000|  0%| F|  |TAMS 0x0000000084e00000| PB 0x0000000084e00000| Untracked 
|  79|0x0000000084f00000, 0x0000000084f00000, 0x0000000085000000|  0%| F|  |TAMS 0x0000000084f00000| PB 0x0000000084f00000| Untracked 
|  80|0x0000000085000000, 0x0000000085000000, 0x0000000085100000|  0%| F|  |TAMS 0x0000000085000000| PB 0x0000000085000000| Untracked 
|  81|0x0000000085100000, 0x000000008518a1f8, 0x0000000085200000| 53%| E|  |TAMS 0x0000000085100000| PB 0x0000000085100000| Complete 
|  82|0x0000000085200000, 0x0000000085300000, 0x0000000085300000|100%| E|CS|TAMS 0x0000000085200000| PB 0x0000000085200000| Complete 
|  83|0x0000000085300000, 0x0000000085400000, 0x0000000085400000|100%| E|CS|TAMS 0x0000000085300000| PB 0x0000000085300000| Complete 
| 144|0x0000000089000000, 0x0000000089100000, 0x0000000089100000|100%| E|CS|TAMS 0x0000000089000000| PB 0x0000000089000000| Complete 
| 145|0x0000000089100000, 0x0000000089200000, 0x0000000089200000|100%| E|CS|TAMS 0x0000000089100000| PB 0x0000000089100000| Complete 
| 146|0x0000000089200000, 0x0000000089300000, 0x0000000089300000|100%| E|CS|TAMS 0x0000000089200000| PB 0x0000000089200000| Complete 
| 147|0x0000000089300000, 0x0000000089400000, 0x0000000089400000|100%| E|CS|TAMS 0x0000000089300000| PB 0x0000000089300000| Complete 
| 148|0x0000000089400000, 0x0000000089500000, 0x0000000089500000|100%| E|CS|TAMS 0x0000000089400000| PB 0x0000000089400000| Complete 
| 149|0x0000000089500000, 0x0000000089600000, 0x0000000089600000|100%| E|CS|TAMS 0x0000000089500000| PB 0x0000000089500000| Complete 
| 150|0x0000000089600000, 0x0000000089700000, 0x0000000089700000|100%| E|CS|TAMS 0x0000000089600000| PB 0x0000000089600000| Complete 
| 151|0x0000000089700000, 0x0000000089800000, 0x0000000089800000|100%| E|CS|TAMS 0x0000000089700000| PB 0x0000000089700000| Complete 
| 152|0x0000000089800000, 0x0000000089900000, 0x0000000089900000|100%| E|CS|TAMS 0x0000000089800000| PB 0x0000000089800000| Complete 
| 153|0x0000000089900000, 0x0000000089a00000, 0x0000000089a00000|100%| E|CS|TAMS 0x0000000089900000| PB 0x0000000089900000| Complete 
| 154|0x0000000089a00000, 0x0000000089b00000, 0x0000000089b00000|100%| E|CS|TAMS 0x0000000089a00000| PB 0x0000000089a00000| Complete 
| 155|0x0000000089b00000, 0x0000000089c00000, 0x0000000089c00000|100%| E|CS|TAMS 0x0000000089b00000| PB 0x0000000089b00000| Complete 
| 156|0x0000000089c00000, 0x0000000089d00000, 0x0000000089d00000|100%| E|CS|TAMS 0x0000000089c00000| PB 0x0000000089c00000| Complete 
| 157|0x0000000089d00000, 0x0000000089e00000, 0x0000000089e00000|100%| E|CS|TAMS 0x0000000089d00000| PB 0x0000000089d00000| Complete 
| 253|0x000000008fd00000, 0x000000008fe00000, 0x000000008fe00000|100%| E|CS|TAMS 0x000000008fd00000| PB 0x000000008fd00000| Complete 
|2042|0x00000000ffa00000, 0x00000000ffb00000, 0x00000000ffb00000|100%| O|  |TAMS 0x00000000ffa00000| PB 0x00000000ffa00000| Untracked 
|2043|0x00000000ffb00000, 0x00000000ffc00000, 0x00000000ffc00000|100%| O|  |TAMS 0x00000000ffb00000| PB 0x00000000ffb00000| Untracked 
|2044|0x00000000ffc00000, 0x00000000ffd00000, 0x00000000ffd00000|100%| O|  |TAMS 0x00000000ffc00000| PB 0x00000000ffc00000| Untracked 
|2045|0x00000000ffd00000, 0x00000000ffe00000, 0x00000000ffe00000|100%| O|  |TAMS 0x00000000ffd00000| PB 0x00000000ffd00000| Untracked 
|2046|0x00000000ffe00000, 0x00000000fff00000, 0x00000000fff00000|100%| O|  |TAMS 0x00000000ffe00000| PB 0x00000000ffe00000| Untracked 
|2047|0x00000000fff00000, 0x0000000100000000, 0x0000000100000000|100%| O|  |TAMS 0x00000000fff00000| PB 0x00000000fff00000| Untracked 

Card table byte_map: [0x0000026153480000,0x0000026153880000] _byte_map_base: 0x0000026153080000

Marking Bits: (CMBitMap*) 0x000002613e3ae670
 Bits: [0x0000026153880000, 0x0000026155880000)

Polling page: 0x000002613e560000

Metaspace:

Usage:
  Non-class:     51.89 MB used.
      Class:      8.10 MB used.
       Both:     59.99 MB used.

Virtual space:
  Non-class space:       64.00 MB reserved,      52.69 MB ( 82%) committed,  1 nodes.
      Class space:        1.00 GB reserved,       8.88 MB ( <1%) committed,  1 nodes.
             Both:        1.06 GB reserved,      61.56 MB (  6%) committed. 

Chunk freelists:
   Non-Class:  11.36 MB
       Class:  7.02 MB
        Both:  18.38 MB

MaxMetaspaceSize: unlimited
CompressedClassSpaceSize: 1.00 GB
Initial GC threshold: 21.00 MB
Current GC threshold: 98.56 MB
CDS: off
 - commit_granule_bytes: 65536.
 - commit_granule_words: 8192.
 - virtual_space_node_default_size: 8388608.
 - enlarge_chunks_in_place: 1.
 - use_allocation_guard: 0.


Internal statistics:

num_allocs_failed_limit: 9.
num_arena_births: 2904.
num_arena_deaths: 0.
num_vsnodes_births: 2.
num_vsnodes_deaths: 0.
num_space_committed: 985.
num_space_uncommitted: 0.
num_chunks_returned_to_freelist: 9.
num_chunks_taken_from_freelist: 5338.
num_chunk_merges: 9.
num_chunk_splits: 3504.
num_chunks_enlarged: 2191.
num_inconsistent_stats: 0.

CodeHeap 'non-profiled nmethods': size=119168Kb used=3143Kb max_used=3182Kb free=116024Kb
 bounds [0x000002614b3a0000, 0x000002614b6c0000, 0x0000026152800000]
CodeHeap 'profiled nmethods': size=119104Kb used=9569Kb max_used=9569Kb free=109534Kb
 bounds [0x0000026143800000, 0x0000026144160000, 0x000002614ac50000]
CodeHeap 'non-nmethods': size=7488Kb used=3104Kb max_used=3681Kb free=4383Kb
 bounds [0x000002614ac50000, 0x000002614b000000, 0x000002614b3a0000]
 total_blobs=5778 nmethods=5029 adapters=649
 compilation: enabled
              stopped_count=0, restarted_count=0
 full_count=0

Compilation events (20 events):
Event: 4.499 Thread 0x0000026158c8f6b0 5632       3       com.google.common.collect.AbstractSetMultimap::get (9 bytes)
Event: 4.500 Thread 0x000002615d30cfb0 5619       4       org.gradle.internal.instantiation.generator.AbstractClassGenerator$InjectionAnnotationValidator::validateMethod (166 bytes)
Event: 4.500 Thread 0x0000026158ca0170 5633       3       com.google.common.collect.AbstractMapBasedMultimap$WrappedSet::<init> (14 bytes)
Event: 4.500 Thread 0x0000026158c8d000 nmethod 5631 0x0000026144154c10 code [0x0000026144154dc0, 0x0000026144154fd8]
Event: 4.500 Thread 0x0000026158ca0170 nmethod 5633 0x0000026144155090 code [0x0000026144155240, 0x00000261441553e0]
Event: 4.500 Thread 0x0000026158c8f6b0 nmethod 5632 0x0000026144155490 code [0x0000026144155680, 0x0000026144155c70]
Event: 4.504 Thread 0x000002615d30cfb0 nmethod 5619 0x000002614b546390 code [0x000002614b546580, 0x000002614b546a40]
Event: 4.508 Thread 0x000002615d30cfb0 5634       4       java.lang.Class::forName (24 bytes)
Event: 4.508 Thread 0x000002615d30cfb0 nmethod 5634 0x000002614b546090 code [0x000002614b546220, 0x000002614b5462b8]
Event: 4.508 Thread 0x000002615d30cfb0 5635       4       org.gradle.internal.service.DefaultServiceRegistry$ClassInspector::getDetailsForClass (50 bytes)
Event: 4.510 Thread 0x0000026158ac3550 nmethod 5617 0x000002614b544010 code [0x000002614b544320, 0x000002614b5452c8]
Event: 4.514 Thread 0x0000026158ac3550 5636       4       java.util.jar.Manifest::getTrustedAttributes (57 bytes)
Event: 4.517 Thread 0x0000026158c8f6b0 5637       3       org.gradle.internal.service.TypeStringFormatter::format (178 bytes)
Event: 4.518 Thread 0x0000026158c8f6b0 nmethod 5637 0x0000026144155e10 code [0x0000026144156260, 0x0000026144157ad0]
Event: 4.519 Thread 0x0000026158ac3550 nmethod 5636 0x000002614b543510 code [0x000002614b543700, 0x000002614b543b48]
Event: 4.781 Thread 0x0000026158ac4780 5638       3       java.util.concurrent.locks.ReentrantLock$NonfairSync::tryAcquire (27 bytes)
Event: 4.781 Thread 0x0000026158ac4780 nmethod 5638 0x0000026144158310 code [0x00000261441584e0, 0x0000026144158760]
Event: 5.387 Thread 0x0000026158c8f6b0 5639   !   3       java.lang.Thread::sleep (82 bytes)
Event: 5.387 Thread 0x0000026158ac4780 5640   !   3       java.lang.Thread::beforeSleep (33 bytes)
Event: 5.387 Thread 0x0000026158c8d000 5642   !   3       java.util.concurrent.LinkedBlockingQueue::poll (128 bytes)

GC Heap History (20 events):
Event: 0.692 GC heap before
{Heap before GC invocations=1 (full 0):
 garbage-first heap   total 260096K, used 41514K [0x0000000080000000, 0x0000000100000000)
  region size 1024K, 39 young (39936K), 2 survivors (2048K)
 Metaspace       used 12234K, committed 12352K, reserved 1114112K
  class space    used 1281K, committed 1344K, reserved 1048576K
}
Event: 0.695 GC heap after
{Heap after GC invocations=2 (full 0):
 garbage-first heap   total 260096K, used 10800K [0x0000000080000000, 0x0000000100000000)
  region size 1024K, 5 young (5120K), 5 survivors (5120K)
 Metaspace       used 12234K, committed 12352K, reserved 1114112K
  class space    used 1281K, committed 1344K, reserved 1048576K
}
Event: 1.433 GC heap before
{Heap before GC invocations=2 (full 0):
 garbage-first heap   total 260096K, used 103984K [0x0000000080000000, 0x0000000100000000)
  region size 1024K, 96 young (98304K), 5 survivors (5120K)
 Metaspace       used 21246K, committed 21504K, reserved 1114112K
  class space    used 2437K, committed 2560K, reserved 1048576K
}
Event: 1.440 GC heap after
{Heap after GC invocations=3 (full 0):
 garbage-first heap   total 260096K, used 20243K [0x0000000080000000, 0x0000000100000000)
  region size 1024K, 14 young (14336K), 14 survivors (14336K)
 Metaspace       used 21246K, committed 21504K, reserved 1114112K
  class space    used 2437K, committed 2560K, reserved 1048576K
}
Event: 1.934 GC heap before
{Heap before GC invocations=4 (full 0):
 garbage-first heap   total 71680K, used 70419K [0x0000000080000000, 0x0000000100000000)
  region size 1024K, 63 young (64512K), 14 survivors (14336K)
 Metaspace       used 28870K, committed 29440K, reserved 1114112K
  class space    used 3629K, committed 3904K, reserved 1048576K
}
Event: 1.940 GC heap after
{Heap after GC invocations=5 (full 0):
 garbage-first heap   total 89088K, used 23136K [0x0000000080000000, 0x0000000100000000)
  region size 1024K, 11 young (11264K), 11 survivors (11264K)
 Metaspace       used 28870K, committed 29440K, reserved 1114112K
  class space    used 3629K, committed 3904K, reserved 1048576K
}
Event: 2.412 GC heap before
{Heap before GC invocations=5 (full 0):
 garbage-first heap   total 89088K, used 64096K [0x0000000080000000, 0x0000000100000000)
  region size 1024K, 52 young (53248K), 11 survivors (11264K)
 Metaspace       used 34144K, committed 35008K, reserved 1114112K
  class space    used 4506K, committed 4928K, reserved 1048576K
}
Event: 2.416 GC heap after
{Heap after GC invocations=6 (full 0):
 garbage-first heap   total 89088K, used 25700K [0x0000000080000000, 0x0000000100000000)
  region size 1024K, 6 young (6144K), 6 survivors (6144K)
 Metaspace       used 34144K, committed 35008K, reserved 1114112K
  class space    used 4506K, committed 4928K, reserved 1048576K
}
Event: 2.530 GC heap before
{Heap before GC invocations=6 (full 0):
 garbage-first heap   total 89088K, used 32868K [0x0000000080000000, 0x0000000100000000)
  region size 1024K, 15 young (15360K), 6 survivors (6144K)
 Metaspace       used 35375K, committed 36160K, reserved 1114112K
  class space    used 4684K, committed 5056K, reserved 1048576K
}
Event: 2.532 GC heap after
{Heap after GC invocations=7 (full 0):
 garbage-first heap   total 89088K, used 26777K [0x0000000080000000, 0x0000000100000000)
  region size 1024K, 4 young (4096K), 4 survivors (4096K)
 Metaspace       used 35375K, committed 36160K, reserved 1114112K
  class space    used 4684K, committed 5056K, reserved 1048576K
}
Event: 3.017 GC heap before
{Heap before GC invocations=8 (full 0):
 garbage-first heap   total 89088K, used 71833K [0x0000000080000000, 0x0000000100000000)
  region size 1024K, 49 young (50176K), 4 survivors (4096K)
 Metaspace       used 41377K, committed 42624K, reserved 1114112K
  class space    used 5649K, committed 6272K, reserved 1048576K
}
Event: 3.019 GC heap after
{Heap after GC invocations=9 (full 0):
 garbage-first heap   total 89088K, used 28892K [0x0000000080000000, 0x0000000100000000)
  region size 1024K, 6 young (6144K), 6 survivors (6144K)
 Metaspace       used 41377K, committed 42624K, reserved 1114112K
  class space    used 5649K, committed 6272K, reserved 1048576K
}
Event: 3.400 GC heap before
{Heap before GC invocations=9 (full 0):
 garbage-first heap   total 89088K, used 73948K [0x0000000080000000, 0x0000000100000000)
  region size 1024K, 51 young (52224K), 6 survivors (6144K)
 Metaspace       used 47507K, committed 48832K, reserved 1114112K
  class space    used 6306K, committed 6976K, reserved 1048576K
}
Event: 3.404 GC heap after
{Heap after GC invocations=10 (full 0):
 garbage-first heap   total 89088K, used 33240K [0x0000000080000000, 0x0000000100000000)
  region size 1024K, 7 young (7168K), 7 survivors (7168K)
 Metaspace       used 47507K, committed 48832K, reserved 1114112K
  class space    used 6306K, committed 6976K, reserved 1048576K
}
Event: 3.651 GC heap before
{Heap before GC invocations=10 (full 0):
 garbage-first heap   total 89088K, used 77272K [0x0000000080000000, 0x0000000100000000)
  region size 1024K, 49 young (50176K), 7 survivors (7168K)
 Metaspace       used 49790K, committed 51136K, reserved 1114112K
  class space    used 6564K, committed 7232K, reserved 1048576K
}
Event: 3.653 GC heap after
{Heap after GC invocations=11 (full 0):
 garbage-first heap   total 89088K, used 35286K [0x0000000080000000, 0x0000000100000000)
  region size 1024K, 3 young (3072K), 3 survivors (3072K)
 Metaspace       used 49790K, committed 51136K, reserved 1114112K
  class space    used 6564K, committed 7232K, reserved 1048576K
}
Event: 4.076 GC heap before
{Heap before GC invocations=11 (full 0):
 garbage-first heap   total 89088K, used 77270K [0x0000000080000000, 0x0000000100000000)
  region size 1024K, 44 young (45056K), 3 survivors (3072K)
 Metaspace       used 55137K, committed 56640K, reserved 1114112K
  class space    used 7409K, committed 8128K, reserved 1048576K
}
Event: 4.078 GC heap after
{Heap after GC invocations=12 (full 0):
 garbage-first heap   total 107520K, used 36730K [0x0000000080000000, 0x0000000100000000)
  region size 1024K, 4 young (4096K), 4 survivors (4096K)
 Metaspace       used 55137K, committed 56640K, reserved 1114112K
  class space    used 7409K, committed 8128K, reserved 1048576K
}
Event: 4.312 GC heap before
{Heap before GC invocations=12 (full 0):
 garbage-first heap   total 107520K, used 64378K [0x0000000080000000, 0x0000000100000000)
  region size 1024K, 32 young (32768K), 4 survivors (4096K)
 Metaspace       used 58916K, committed 60416K, reserved 1114112K
  class space    used 7921K, committed 8640K, reserved 1048576K
}
Event: 4.314 GC heap after
{Heap after GC invocations=13 (full 0):
 garbage-first heap   total 107520K, used 38084K [0x0000000080000000, 0x0000000100000000)
  region size 1024K, 5 young (5120K), 5 survivors (5120K)
 Metaspace       used 58916K, committed 60416K, reserved 1114112K
  class space    used 7921K, committed 8640K, reserved 1048576K
}

Dll operation events (3 events):
Event: 0.005 Loaded shared library C:\Program Files\Android\Android Studio\jbr\bin\java.dll
Event: 0.009 Loaded shared library C:\Program Files\Android\Android Studio\jbr\bin\zip.dll
Event: 0.369 Loaded shared library C:\Program Files\Android\Android Studio\jbr\bin\verify.dll

Deoptimization events (20 events):
Event: 4.443 Thread 0x000002615de3ca70 Uncommon trap: trap_request=0xffffff45 fr.pc=0x000002614b3c6c38 relative=0x0000000000000158
Event: 4.443 Thread 0x000002615de3ca70 Uncommon trap: reason=unstable_if action=reinterpret pc=0x000002614b3c6c38 method=org.antlr.v4.runtime.BufferedTokenStream.lazyInit()V @ 5 c2
Event: 4.443 Thread 0x000002615de3ca70 DEOPT PACKING pc=0x000002614b3c6c38 sp=0x000000ec0a6fb400
Event: 4.443 Thread 0x000002615de3ca70 DEOPT UNPACKING pc=0x000002614aca46a2 sp=0x000000ec0a6fb318 mode 2
Event: 4.443 Thread 0x000002615de3ca70 Uncommon trap: trap_request=0xffffff45 fr.pc=0x000002614b45cf74 relative=0x00000000000000d4
Event: 4.443 Thread 0x000002615de3ca70 Uncommon trap: reason=unstable_if action=reinterpret pc=0x000002614b45cf74 method=org.antlr.v4.runtime.CodePointCharStream$CodePoint8BitCharStream.LA(I)I @ 72 c2
Event: 4.443 Thread 0x000002615de3ca70 DEOPT PACKING pc=0x000002614b45cf74 sp=0x000000ec0a6fafd0
Event: 4.443 Thread 0x000002615de3ca70 DEOPT UNPACKING pc=0x000002614aca46a2 sp=0x000000ec0a6faf50 mode 2
Event: 4.445 Thread 0x000002615de3ca70 Uncommon trap: trap_request=0xffffffde fr.pc=0x000002614b5dfce4 relative=0x0000000000002624
Event: 4.445 Thread 0x000002615de3ca70 Uncommon trap: reason=class_check action=maybe_recompile pc=0x000002614b5dfce4 method=java.util.regex.Pattern$CharProperty.study(Ljava/util/regex/Pattern$TreeInfo;)Z @ 25 c2
Event: 4.445 Thread 0x000002615de3ca70 DEOPT PACKING pc=0x000002614b5dfce4 sp=0x000000ec0a6fa020
Event: 4.445 Thread 0x000002615de3ca70 DEOPT UNPACKING pc=0x000002614aca46a2 sp=0x000000ec0a6f9f18 mode 2
Event: 4.462 Thread 0x000002615de3ca70 Uncommon trap: trap_request=0xffffffde fr.pc=0x000002614b5db390 relative=0x0000000000000070
Event: 4.462 Thread 0x000002615de3ca70 Uncommon trap: reason=class_check action=maybe_recompile pc=0x000002614b5db390 method=java.util.stream.StreamOpFlag.fromCharacteristics(Ljava/util/Spliterator;)I @ 14 c2
Event: 4.462 Thread 0x000002615de3ca70 DEOPT PACKING pc=0x000002614b5db390 sp=0x000000ec0a6fad30
Event: 4.462 Thread 0x000002615de3ca70 DEOPT UNPACKING pc=0x000002614aca46a2 sp=0x000000ec0a6facc8 mode 2
Event: 4.497 Thread 0x000002615de3ca70 Uncommon trap: trap_request=0xffffff45 fr.pc=0x000002614b6810bc relative=0x00000000000058dc
Event: 4.497 Thread 0x000002615de3ca70 Uncommon trap: reason=unstable_if action=reinterpret pc=0x000002614b6810bc method=java.lang.invoke.InvokerBytecodeGenerator.addMethod()V @ 81 c2
Event: 4.497 Thread 0x000002615de3ca70 DEOPT PACKING pc=0x000002614b6810bc sp=0x000000ec0a6f9c40
Event: 4.497 Thread 0x000002615de3ca70 DEOPT UNPACKING pc=0x000002614aca46a2 sp=0x000000ec0a6f9c50 mode 2

Classes loaded (20 events):
Event: 4.288 Loading class javax/naming/NamingException
Event: 4.288 Loading class javax/naming/NamingException done
Event: 4.288 Loading class javax/naming/InvalidNameException
Event: 4.288 Loading class javax/naming/InvalidNameException done
Event: 4.350 Loading class java/util/function/IntBinaryOperator
Event: 4.350 Loading class java/util/function/IntBinaryOperator done
Event: 4.381 Loading class java/nio/channels/Channels
Event: 4.381 Loading class java/nio/channels/Channels done
Event: 4.381 Loading class sun/nio/ch/Streams
Event: 4.381 Loading class sun/nio/ch/Streams done
Event: 4.381 Loading class sun/nio/ch/ChannelInputStream
Event: 4.381 Loading class sun/nio/ch/ChannelInputStream done
Event: 4.383 Loading class java/nio/channels/Channels$ReadableByteChannelImpl
Event: 4.383 Loading class java/nio/channels/Channels$ReadableByteChannelImpl done
Event: 4.391 Loading class java/util/EmptyStackException
Event: 4.391 Loading class java/util/EmptyStackException done
Event: 4.395 Loading class java/io/InvalidClassException
Event: 4.395 Loading class java/io/InvalidClassException done
Event: 4.462 Loading class java/util/Comparators$NaturalOrderComparator
Event: 4.462 Loading class java/util/Comparators$NaturalOrderComparator done

Classes unloaded (0 events):
No events

Classes redefined (0 events):
No events

Internal exceptions (20 events):
Event: 3.750 Thread 0x000002615de3ca70 Exception <a 'java/lang/NoSuchMethodError'{0x000000008940d7a0}: 'java.lang.Object java.lang.invoke.Invokers$Holder.linkToTargetMethod(java.lang.Object, java.lang.Object, java.lang.Object, java.lang.Object, long, java.lang.Object, java.lang.Object)'> (0x000000008940d7a0) 
thrown [s\src\hotspot\share\interpreter\linkResolver.cpp, line 784]
Event: 3.753 Thread 0x000002615de3ca70 Exception <a 'java/lang/NoSuchMethodError'{0x00000000894574d8}: 'java.lang.Object java.lang.invoke.DirectMethodHandle$Holder.invokeSpecial(java.lang.Object, java.lang.Object, java.lang.Object, java.lang.Object, long, java.lang.Object)'> (0x00000000894574d8) 
thrown [s\src\hotspot\share\interpreter\linkResolver.cpp, line 784]
Event: 3.753 Thread 0x000002615de3ca70 Exception <a 'java/lang/NoSuchMethodError'{0x000000008945b7a8}: 'java.lang.Object java.lang.invoke.Invokers$Holder.linkToTargetMethod(java.lang.Object, java.lang.Object, long, java.lang.Object, java.lang.Object)'> (0x000000008945b7a8) 
thrown [s\src\hotspot\share\interpreter\linkResolver.cpp, line 784]
Event: 3.775 Thread 0x000002615de3ca70 Exception <a 'java/lang/NoSuchMethodError'{0x00000000892a7090}: 'java.lang.Object java.lang.invoke.DirectMethodHandle$Holder.newInvokeSpecial(java.lang.Object, java.lang.Object, java.lang.Object, java.lang.Object, java.lang.Object, java.lang.Object, java.lang.Object, java.lang.Object, java.lang.Object, java.lang.Object, java.lang.Object, java.lang.Object, java.lang.Object, java.lang.Object, java.lang.Object, java.lang.Object, java.lang.Object, java.lang.Object, java.lang.Object, java.lang.Object, java.lang
Event: 3.819 Thread 0x000002615de3ca70 Implicit null exception at 0x000002614b4b746f to 0x000002614b4b7520
Event: 3.915 Thread 0x000002615de3ca70 Exception <a 'java/lang/IncompatibleClassChangeError'{0x0000000083990c90}: Found class java.lang.Object, but interface was expected> (0x0000000083990c90) 
thrown [s\src\hotspot\share\interpreter\linkResolver.cpp, line 851]
Event: 3.937 Thread 0x000002615de3ca70 Exception <a 'java/lang/NoSuchMethodError'{0x00000000837e7908}: 'java.lang.Object java.lang.invoke.DirectMethodHandle$Holder.newInvokeSpecial(java.lang.Object, int, java.lang.Object)'> (0x00000000837e7908) 
thrown [s\src\hotspot\share\interpreter\linkResolver.cpp, line 784]
Event: 3.982 Thread 0x000002615de3ca70 Exception <a 'java/lang/NoSuchMethodError'{0x00000000832649f8}: 'java.lang.Object java.lang.invoke.DirectMethodHandle$Holder.invokeSpecial(java.lang.Object, java.lang.Object, long, java.lang.Object, java.lang.Object)'> (0x00000000832649f8) 
thrown [s\src\hotspot\share\interpreter\linkResolver.cpp, line 784]
Event: 3.990 Thread 0x000002615de3ca70 Exception <a 'java/lang/NoSuchMethodError'{0x0000000083136c18}: 'java.lang.Object java.lang.invoke.DirectMethodHandle$Holder.invokeSpecial(java.lang.Object, java.lang.Object, java.lang.Object, int, java.lang.Object)'> (0x0000000083136c18) 
thrown [s\src\hotspot\share\interpreter\linkResolver.cpp, line 784]
Event: 3.990 Thread 0x000002615de3ca70 Exception <a 'java/lang/NoSuchMethodError'{0x000000008313edb8}: 'java.lang.Object java.lang.invoke.DirectMethodHandle$Holder.newInvokeSpecial(java.lang.Object, java.lang.Object, java.lang.Object, int, java.lang.Object)'> (0x000000008313edb8) 
thrown [s\src\hotspot\share\interpreter\linkResolver.cpp, line 784]
Event: 3.990 Thread 0x000002615de3ca70 Exception <a 'java/lang/NoSuchMethodError'{0x0000000083143280}: 'java.lang.Object java.lang.invoke.Invokers$Holder.linkToTargetMethod(java.lang.Object, java.lang.Object, int, java.lang.Object, java.lang.Object)'> (0x0000000083143280) 
thrown [s\src\hotspot\share\interpreter\linkResolver.cpp, line 784]
Event: 4.002 Thread 0x000002615de3ca70 Exception <a 'java/lang/NoSuchMethodError'{0x000000008306af20}: 'void java.lang.invoke.DirectMethodHandle$Holder.invokeStatic(java.lang.Object, java.lang.Object, java.lang.Object, java.lang.Object, java.lang.Object, java.lang.Object)'> (0x000000008306af20) 
thrown [s\src\hotspot\share\interpreter\linkResolver.cpp, line 784]
Event: 4.321 Thread 0x000002615de3ca70 Exception <a 'sun/nio/fs/WindowsException'{0x000000008fd55e08}> (0x000000008fd55e08) 
thrown [s\src\hotspot\share\prims\jni.cpp, line 535]
Event: 4.322 Thread 0x000002615de3ca70 Exception <a 'sun/nio/fs/WindowsException'{0x000000008fd57418}> (0x000000008fd57418) 
thrown [s\src\hotspot\share\prims\jni.cpp, line 535]
Event: 4.336 Thread 0x000002615de3ca70 Exception <a 'java/lang/NoSuchMethodError'{0x0000000089d51da8}: 'java.lang.Object java.lang.invoke.DirectMethodHandle$Holder.newInvokeSpecial(java.lang.Object, java.lang.Object, java.lang.Object, int)'> (0x0000000089d51da8) 
thrown [s\src\hotspot\share\interpreter\linkResolver.cpp, line 784]
Event: 4.336 Thread 0x000002615de3ca70 Exception <a 'java/lang/NoSuchMethodError'{0x0000000089d565e0}: 'java.lang.Object java.lang.invoke.DirectMethodHandle$Holder.invokeSpecial(java.lang.Object, java.lang.Object, java.lang.Object, java.lang.Object, int)'> (0x0000000089d565e0) 
thrown [s\src\hotspot\share\interpreter\linkResolver.cpp, line 784]
Event: 4.336 Thread 0x000002615de3ca70 Exception <a 'java/lang/NoSuchMethodError'{0x0000000089d5a760}: 'java.lang.Object java.lang.invoke.Invokers$Holder.linkToTargetMethod(java.lang.Object, java.lang.Object, int, java.lang.Object)'> (0x0000000089d5a760) 
thrown [s\src\hotspot\share\interpreter\linkResolver.cpp, line 784]
Event: 4.345 Thread 0x000002615de3ca70 Exception <a 'sun/nio/fs/WindowsException'{0x0000000089c11238}> (0x0000000089c11238) 
thrown [s\src\hotspot\share\prims\jni.cpp, line 535]
Event: 4.376 Thread 0x000002615de3ca70 Exception <a 'java/lang/NoSuchMethodError'{0x0000000089ab85c8}: 'int java.lang.invoke.DirectMethodHandle$Holder.invokeInterface(java.lang.Object, java.lang.Object, java.lang.Object, java.lang.Object, java.lang.Object)'> (0x0000000089ab85c8) 
thrown [s\src\hotspot\share\interpreter\linkResolver.cpp, line 784]
Event: 4.459 Thread 0x000002615de3ca70 Exception <a 'java/lang/NoSuchMethodError'{0x000000008911bb40}: 'void java.lang.invoke.DirectMethodHandle$Holder.invokeStatic(java.lang.Object, java.lang.Object, java.lang.Object, java.lang.Object, java.lang.Object, java.lang.Object, java.lang.Object)'> (0x000000008911bb40) 
thrown [s\src\hotspot\share\interpreter\linkResolver.cpp, line 784]

ZGC Phase Switch (0 events):
No events

VM Operations (20 events):
Event: 3.653 Executing VM operation: G1CollectForAllocation (G1 Evacuation Pause) done
Event: 3.691 Executing VM operation: HandshakeAllThreads (Deoptimize)
Event: 3.691 Executing VM operation: HandshakeAllThreads (Deoptimize) done
Event: 3.720 Executing VM operation: HandshakeAllThreads (Deoptimize)
Event: 3.720 Executing VM operation: HandshakeAllThreads (Deoptimize) done
Event: 3.975 Executing VM operation: HandshakeAllThreads (Deoptimize)
Event: 3.975 Executing VM operation: HandshakeAllThreads (Deoptimize) done
Event: 4.000 Executing VM operation: HandshakeAllThreads (Deoptimize)
Event: 4.000 Executing VM operation: HandshakeAllThreads (Deoptimize) done
Event: 4.076 Executing VM operation: G1CollectForAllocation (G1 Evacuation Pause)
Event: 4.078 Executing VM operation: G1CollectForAllocation (G1 Evacuation Pause) done
Event: 4.312 Executing VM operation: CollectForMetadataAllocation (Metadata GC Threshold)
Event: 4.315 Executing VM operation: CollectForMetadataAllocation (Metadata GC Threshold) done
Event: 4.324 Executing VM operation: G1PauseRemark
Event: 4.326 Executing VM operation: G1PauseRemark done
Event: 4.331 Executing VM operation: G1PauseCleanup
Event: 4.331 Executing VM operation: G1PauseCleanup done
Event: 4.464 Executing VM operation: HandshakeAllThreads (Deoptimize)
Event: 4.464 Executing VM operation: HandshakeAllThreads (Deoptimize) done
Event: 5.465 Executing VM operation: Cleanup

Memory protections (0 events):
No events

Nmethod flushes (20 events):
Event: 4.325 Thread 0x000002615891ec10 flushing  nmethod 0x00000261439b0d90
Event: 4.325 Thread 0x000002615891ec10 flushing  nmethod 0x00000261439b6a10
Event: 4.325 Thread 0x000002615891ec10 flushing  nmethod 0x0000026143a1c990
Event: 4.325 Thread 0x000002615891ec10 flushing  nmethod 0x0000026143a1ce10
Event: 4.325 Thread 0x000002615891ec10 flushing  nmethod 0x0000026143a1fa90
Event: 4.325 Thread 0x000002615891ec10 flushing  nmethod 0x0000026143a23510
Event: 4.325 Thread 0x000002615891ec10 flushing  nmethod 0x000002614b4ca690
Event: 4.325 Thread 0x000002615891ec10 flushing  nmethod 0x000002614b57e710
Event: 4.325 Thread 0x000002615891ec10 flushing  nmethod 0x0000026143805c10
Event: 4.325 Thread 0x000002615891ec10 flushing  nmethod 0x00000261438e8410
Event: 4.325 Thread 0x000002615891ec10 flushing  nmethod 0x00000261438e8810
Event: 4.325 Thread 0x000002615891ec10 flushing  nmethod 0x0000026143930290
Event: 4.325 Thread 0x000002615891ec10 flushing  nmethod 0x0000026143939990
Event: 4.325 Thread 0x000002615891ec10 flushing  nmethod 0x0000026143941690
Event: 4.325 Thread 0x000002615891ec10 flushing  nmethod 0x00000261439f7710
Event: 4.325 Thread 0x000002615891ec10 flushing  nmethod 0x00000261439f9310
Event: 4.325 Thread 0x000002615891ec10 flushing  nmethod 0x0000026143b69990
Event: 4.325 Thread 0x000002615891ec10 flushing  nmethod 0x0000026143b6c010
Event: 4.325 Thread 0x000002615891ec10 flushing  nmethod 0x0000026143c11e10
Event: 4.325 Thread 0x000002615891ec10 flushing  nmethod 0x0000026143cd5410

Events (20 events):
Event: 1.363 Thread 0x000002615ea86c10 Thread added: 0x000002615ef24f40
Event: 1.383 Thread 0x000002615ea86c10 Thread added: 0x000002615eee1d40
Event: 1.387 Thread 0x000002615ea86c10 Thread added: 0x000002615de3ca70
Event: 1.393 Thread 0x000002615de3ca70 Thread added: 0x000002615de3f1d0
Event: 1.395 Thread 0x000002615de3ca70 Thread added: 0x000002615de3e4b0
Event: 1.397 Thread 0x000002615de3ca70 Thread added: 0x000002615de3eb40
Event: 1.638 Thread 0x000002615de3ca70 Thread added: 0x000002615de3bd50
Event: 1.642 Thread 0x000002615de3ca70 Thread added: 0x000002615de3d100
Event: 1.658 Thread 0x000002615de3ca70 Thread added: 0x000002615de3d790
Event: 2.098 Thread 0x0000026158c8f6b0 Thread added: 0x000002615e339ed0
Event: 2.278 Thread 0x000002615de3ca70 Thread added: 0x000002615f69d400
Event: 2.288 Thread 0x000002615de3ca70 Thread added: 0x000002615f69da90
Event: 2.433 Thread 0x000002615de3ca70 Thread added: 0x000002615f69e7b0
Event: 2.437 Thread 0x000002615de3ca70 Thread added: 0x000002615f69e120
Event: 2.608 Thread 0x000002615de3ca70 Thread added: 0x000002615f69ee40
Event: 2.638 Thread 0x000002615de3ca70 Thread added: 0x000002615f69cd70
Event: 2.813 Thread 0x000002615de3ca70 Thread added: 0x000002615f6a0f10
Event: 2.878 Thread 0x000002615de3ca70 Thread added: 0x000002615f6a2950
Event: 3.293 Thread 0x0000026158ac4780 Thread added: 0x000002615e33b340
Event: 4.221 Thread 0x000002615e33b340 Thread exited: 0x000002615e33b340


Dynamic libraries:
0x00007ff618110000 - 0x00007ff61811a000 	C:\Program Files\Android\Android Studio\jbr\bin\java.exe
0x00007ffd00a80000 - 0x00007ffd00ce5000 	C:\WINDOWS\SYSTEM32\ntdll.dll
0x00007ffcfecc0000 - 0x00007ffcfed89000 	C:\WINDOWS\System32\KERNEL32.DLL
0x00007ffcfdfe0000 - 0x00007ffcfe3c8000 	C:\WINDOWS\System32\KERNELBASE.dll
0x00007ffcfde90000 - 0x00007ffcfdfdb000 	C:\WINDOWS\System32\ucrtbase.dll
0x00007ffcd8560000 - 0x00007ffcd8578000 	C:\Program Files\Android\Android Studio\jbr\bin\jli.dll
0x00007ffce3020000 - 0x00007ffce303b000 	C:\Program Files\Android\Android Studio\jbr\bin\VCRUNTIME140.dll
0x00007ffcfff60000 - 0x00007ffd0012a000 	C:\WINDOWS\System32\USER32.dll
0x00007ffcfe5f0000 - 0x00007ffcfe617000 	C:\WINDOWS\System32\win32u.dll
0x00007ffcff2a0000 - 0x00007ffcff2cb000 	C:\WINDOWS\System32\GDI32.dll
0x00007ffce39e0000 - 0x00007ffce3c7a000 	C:\WINDOWS\WinSxS\amd64_microsoft.windows.common-controls_6595b64144ccf1df_6.0.26100.4202_none_3e0698d4e335f517\COMCTL32.dll
0x00007ffcfe620000 - 0x00007ffcfe757000 	C:\WINDOWS\System32\gdi32full.dll
0x00007ffcfe920000 - 0x00007ffcfe9c9000 	C:\WINDOWS\System32\msvcrt.dll
0x00007ffcfdbd0000 - 0x00007ffcfdc73000 	C:\WINDOWS\System32\msvcp_win.dll
0x00007ffcfeb60000 - 0x00007ffcfeb90000 	C:\WINDOWS\System32\IMM32.DLL
0x00007ffcf7860000 - 0x00007ffcf786c000 	C:\Program Files\Android\Android Studio\jbr\bin\vcruntime140_1.dll
0x00007ffca7970000 - 0x00007ffca79fd000 	C:\Program Files\Android\Android Studio\jbr\bin\msvcp140.dll
0x00007ffc15b50000 - 0x00007ffc167db000 	C:\Program Files\Android\Android Studio\jbr\bin\server\jvm.dll
0x00007ffcfeaa0000 - 0x00007ffcfeb53000 	C:\WINDOWS\System32\ADVAPI32.dll
0x00007ffd001e0000 - 0x00007ffd00286000 	C:\WINDOWS\System32\sechost.dll
0x00007ffcfeba0000 - 0x00007ffcfecb5000 	C:\WINDOWS\System32\RPCRT4.dll
0x00007ffcfed90000 - 0x00007ffcfee04000 	C:\WINDOWS\System32\WS2_32.dll
0x00007ffcfd5c0000 - 0x00007ffcfd61e000 	C:\WINDOWS\SYSTEM32\POWRPROF.dll
0x00007ffcef1e0000 - 0x00007ffcef215000 	C:\WINDOWS\SYSTEM32\WINMM.dll
0x00007ffcf7490000 - 0x00007ffcf749b000 	C:\WINDOWS\SYSTEM32\VERSION.dll
0x00007ffcfd5a0000 - 0x00007ffcfd5b4000 	C:\WINDOWS\SYSTEM32\UMPDC.dll
0x00007ffcfc960000 - 0x00007ffcfc97b000 	C:\WINDOWS\SYSTEM32\kernel.appcore.dll
0x00007ffceecc0000 - 0x00007ffceecca000 	C:\Program Files\Android\Android Studio\jbr\bin\jimage.dll
0x00007ffcfab60000 - 0x00007ffcfada1000 	C:\WINDOWS\SYSTEM32\DBGHELP.DLL
0x00007ffcfee10000 - 0x00007ffcff195000 	C:\WINDOWS\System32\combase.dll
0x00007ffcff710000 - 0x00007ffcff7f1000 	C:\WINDOWS\System32\OLEAUT32.dll
0x00007ffcdf870000 - 0x00007ffcdf8a9000 	C:\WINDOWS\SYSTEM32\dbgcore.DLL
0x00007ffcfe550000 - 0x00007ffcfe5e9000 	C:\WINDOWS\System32\bcryptPrimitives.dll
0x00007ffcee020000 - 0x00007ffcee02e000 	C:\Program Files\Android\Android Studio\jbr\bin\instrument.dll
0x00007ffcd8580000 - 0x00007ffcd85a0000 	C:\Program Files\Android\Android Studio\jbr\bin\java.dll
0x00007ffcd8540000 - 0x00007ffcd8558000 	C:\Program Files\Android\Android Studio\jbr\bin\zip.dll
0x00007ffcff800000 - 0x00007ffcfff42000 	C:\WINDOWS\System32\SHELL32.dll
0x00007ffcfe3d0000 - 0x00007ffcfe544000 	C:\WINDOWS\System32\wintypes.dll
0x00007ffcfb810000 - 0x00007ffcfc068000 	C:\WINDOWS\SYSTEM32\windows.storage.dll
0x00007ffcfe820000 - 0x00007ffcfe911000 	C:\WINDOWS\System32\SHCORE.dll
0x00007ffd00720000 - 0x00007ffd0078a000 	C:\WINDOWS\System32\shlwapi.dll
0x00007ffcfdae0000 - 0x00007ffcfdb0f000 	C:\WINDOWS\SYSTEM32\profapi.dll
0x00007ffcedea0000 - 0x00007ffcedeb0000 	C:\Program Files\Android\Android Studio\jbr\bin\net.dll
0x00007ffcf39f0000 - 0x00007ffcf3b0e000 	C:\WINDOWS\SYSTEM32\WINHTTP.dll
0x00007ffcfcf00000 - 0x00007ffcfcf6a000 	C:\WINDOWS\system32\mswsock.dll
0x00007ffcd8520000 - 0x00007ffcd8536000 	C:\Program Files\Android\Android Studio\jbr\bin\nio.dll
0x00007ffcd8c50000 - 0x00007ffcd8c60000 	C:\Program Files\Android\Android Studio\jbr\bin\verify.dll
0x00007ffcee030000 - 0x00007ffcee057000 	C:\Users\Admin\Downloads\gradle-8.13-bin\gradle-8.13\native\1def1411415f61bf3af743bc5b6707747c0891f09f0c88961ee8f79bc544acac\windows-amd64\native-platform.dll
0x00007ffca62d0000 - 0x00007ffca6348000 	C:\Users\Admin\Downloads\gradle-8.13-bin\gradle-8.13\native\0.2.7\x86_64-windows-gnu\gradle-fileevents.dll
0x00007ffce5240000 - 0x00007ffce5249000 	C:\Program Files\Android\Android Studio\jbr\bin\management.dll
0x00007ffce4350000 - 0x00007ffce435b000 	C:\Program Files\Android\Android Studio\jbr\bin\management_ext.dll
0x00007ffcfff50000 - 0x00007ffcfff58000 	C:\WINDOWS\System32\PSAPI.DLL
0x00007ffcfc3b0000 - 0x00007ffcfc3e3000 	C:\WINDOWS\SYSTEM32\IPHLPAPI.DLL
0x00007ffd00160000 - 0x00007ffd0016a000 	C:\WINDOWS\System32\NSI.dll
0x00007ffce41f0000 - 0x00007ffce41f9000 	C:\Program Files\Android\Android Studio\jbr\bin\extnet.dll
0x00007ffcfd1b0000 - 0x00007ffcfd1cb000 	C:\WINDOWS\SYSTEM32\CRYPTSP.dll
0x00007ffcfc8c0000 - 0x00007ffcfc8fa000 	C:\WINDOWS\system32\rsaenh.dll
0x00007ffcfcfa0000 - 0x00007ffcfcfcb000 	C:\WINDOWS\SYSTEM32\USERENV.dll
0x00007ffcfdab0000 - 0x00007ffcfdad6000 	C:\WINDOWS\SYSTEM32\bcrypt.dll
0x00007ffcfd1d0000 - 0x00007ffcfd1dc000 	C:\WINDOWS\SYSTEM32\CRYPTBASE.dll
0x00007ffcce240000 - 0x00007ffcce248000 	C:\WINDOWS\system32\wshunix.dll

dbghelp: loaded successfully - version: 4.0.5 - missing functions: none
symbol engine: initialized successfully - sym options: 0x614 - pdb path: .;C:\Program Files\Android\Android Studio\jbr\bin;C:\WINDOWS\SYSTEM32;C:\WINDOWS\WinSxS\amd64_microsoft.windows.common-controls_6595b64144ccf1df_6.0.26100.4202_none_3e0698d4e335f517;C:\Program Files\Android\Android Studio\jbr\bin\server;C:\Users\Admin\Downloads\gradle-8.13-bin\gradle-8.13\native\1def1411415f61bf3af743bc5b6707747c0891f09f0c88961ee8f79bc544acac\windows-amd64;C:\Users\Admin\Downloads\gradle-8.13-bin\gradle-8.13\native\0.2.7\x86_64-windows-gnu

VM Arguments:
jvm_args: --add-opens=java.base/java.lang=ALL-UNNAMED --add-opens=java.base/java.lang.invoke=ALL-UNNAMED --add-opens=java.base/java.util=ALL-UNNAMED --add-opens=java.prefs/java.util.prefs=ALL-UNNAMED --add-exports=jdk.compiler/com.sun.tools.javac.api=ALL-UNNAMED --add-exports=jdk.compiler/com.sun.tools.javac.util=ALL-UNNAMED --add-opens=java.base/java.util=ALL-UNNAMED --add-opens=java.prefs/java.util.prefs=ALL-UNNAMED --add-opens=java.base/java.nio.charset=ALL-UNNAMED --add-opens=java.base/java.net=ALL-UNNAMED --add-opens=java.base/java.util.concurrent.atomic=ALL-UNNAMED --add-opens=java.xml/javax.xml.namespace=ALL-UNNAMED -Xmx2048m -Dfile.encoding=UTF-8 -Duser.country=US -Duser.language=en -Duser.variant -javaagent:C:\Users\Admin\Downloads\gradle-8.13-bin\gradle-8.13\wrapper\dists\gradle-9.0-milestone-1-bin\3vdepk4s12bybhohyuvjcm1bd\gradle-9.0-milestone-1\lib\agents\gradle-instrumentation-agent-9.0.jar 
java_command: org.gradle.launcher.daemon.bootstrap.GradleDaemon 9.0-milestone-1
java_class_path (initial): C:\Users\Admin\Downloads\gradle-8.13-bin\gradle-8.13\wrapper\dists\gradle-9.0-milestone-1-bin\3vdepk4s12bybhohyuvjcm1bd\gradle-9.0-milestone-1\lib\gradle-daemon-main-9.0.jar
Launcher Type: SUN_STANDARD

[Global flags]
     intx CICompilerCount                          = 12                                        {product} {ergonomic}
     uint ConcGCThreads                            = 3                                         {product} {ergonomic}
     uint G1ConcRefinementThreads                  = 13                                        {product} {ergonomic}
   size_t G1HeapRegionSize                         = 1048576                                   {product} {ergonomic}
    uintx GCDrainStackTargetSize                   = 64                                        {product} {ergonomic}
   size_t InitialHeapSize                          = 266338304                                 {product} {ergonomic}
   size_t MarkStackSize                            = 4194304                                   {product} {ergonomic}
   size_t MaxHeapSize                              = 2147483648                                {product} {command line}
   size_t MaxNewSize                               = 1287651328                                {product} {ergonomic}
   size_t MinHeapDeltaBytes                        = 1048576                                   {product} {ergonomic}
   size_t MinHeapSize                              = 8388608                                   {product} {ergonomic}
    uintx NonNMethodCodeHeapSize                   = 7602480                                {pd product} {ergonomic}
    uintx NonProfiledCodeHeapSize                  = 122027880                              {pd product} {ergonomic}
    uintx ProfiledCodeHeapSize                     = 122027880                              {pd product} {ergonomic}
    uintx ReservedCodeCacheSize                    = 251658240                              {pd product} {ergonomic}
     bool SegmentedCodeCache                       = true                                      {product} {ergonomic}
   size_t SoftMaxHeapSize                          = 2147483648                             {manageable} {ergonomic}
     bool UseCompressedOops                        = true                           {product lp64_product} {ergonomic}
     bool UseG1GC                                  = true                                      {product} {ergonomic}
     bool UseLargePagesIndividualAllocation        = false                                  {pd product} {ergonomic}

Logging:
Log output configuration:
 #0: stdout all=warning uptime,level,tags foldmultilines=false
 #1: stderr all=off uptime,level,tags foldmultilines=false

Environment Variables:
PATH=C:\Program Files\Common Files\Oracle\Java\javapath;C:\Windows\system32;C:\Windows;C:\Windows\System32\Wbem;C:\Windows\System32\WindowsPowerShell\v1.0\;C:\Windows\System32\OpenSSH\;C:\Program Files (x86)\NVIDIA Corporation\PhysX\Common;C:\WINDOWS\system32;C:\WINDOWS;C:\WINDOWS\System32\Wbem;C:\WINDOWS\System32\WindowsPowerShell\v1.0\;C:\WINDOWS\System32\OpenSSH\;C:\Program Files (x86)\Microsoft SQL Server\150\Tools\Binn\;C:\Program Files\Microsoft SQL Server\150\Tools\Binn\;C:\Program Files (x86)\Microsoft SQL Server\150\DTS\Binn\;C:\Program Files\Microsoft SQL Server\150\DTS\Binn\;C:\Program Files\Microsoft SQL Server\Client SDK\ODBC\170\Tools\Binn\;C:\Program Files\Azure Data Studio\bin;C:\Program Files\apache-maven-3.9.4-bin\apache-maven-3.9.4\bin;C:\ProgramData\chocolatey\bin;C:\WINDOWS\system32;C:\WINDOWS;C:\WINDOWS\System32\Wbem;C:\WINDOWS\System32\WindowsPowerShell\v1.0\;C:\WINDOWS\System32\OpenSSH\;D:\Free_time_game\Git\Git\cmd;C:\Program Files\dotnet\;C:\Program Files\nodejs\;C:\Program Files\Git\cmd;C:\Program Files\NVIDIA Corporation\NVIDIA app\NvDLISR;C:\Program Files\Docker\Docker\resources\bin;C:\Program Files (x86)\Microsoft SQL Server\160\DTS\Binn\;C:\Program Files\MongoDB\Server\8.0\bin;C:\Users\Admin\AppData\Local\Programs\Python\Python311\Scripts\;C:\Users\Admin\AppData\Local\Programs\Python\Python311\;C:\Users\Admin\AppData\Local\Microsoft\WindowsApps;D:\PythonCode\PyCharm Community Edition 2022.2.3\bin;;C:\Program Files\Azure Data Studio\bin;C:\Program Files\JetBrains\IntelliJ IDEA 2023.2\bin;C:\Program Files\nodejs;C:\Users\YourUsername\AppData\Roaming\npm;;D:\Free_time_game\Microsoft VS Code\bin;C:\Users\Admin\AppData\Roaming\npm;C:\Users\Admin\AppData\Local\Programs\Microsoft VS Code\bin;C:\Flutter\Src\flutter\bin;C:\Users\Admin\.dotnet\tools;K:\JetBrains Rider 2025.1.3\bin;
USERNAME=Admin
OS=Windows_NT
PROCESSOR_IDENTIFIER=Intel64 Family 6 Model 154 Stepping 3, GenuineIntel
TMP=C:\Users\Admin\AppData\Local\Temp
TEMP=C:\Users\Admin\AppData\Local\Temp




Periodic native trim disabled

JNI global refs:
JNI global refs: 34, weak refs: 0

JNI global refs memory usage: 835, weak refs: 833

Process memory usage:
Resident Set Size: 297988K (1% of 16564728K total physical memory with 4346900K free physical memory)

OOME stack traces (most recent first):
Classloader memory used:
Loader org.gradle.internal.classloader.VisitableURLClassLoader                         : 31816K
Loader bootstrap                                                                       : 22041K
Loader org.gradle.initialization.MixInLegacyTypesClassLoader                           : 6826K
Loader jdk.internal.loader.ClassLoaders$PlatformClassLoader                            : 510K
Loader jdk.internal.loader.ClassLoaders$AppClassLoader                                 : 237K
Loader org.gradle.internal.classloader.VisitableURLClassLoader                         : 29888B

Classes loaded by more than one classloader:
Class org.gradle.internal.classloader.FilteringClassLoader                            : loaded 2 times (x 101B)
Class org.gradle.internal.classloader.ClassLoaderHierarchy                            : loaded 2 times (x 66B)
Class org.gradle.api.internal.classpath.ManifestUtil                                  : loaded 2 times (x 67B)
Class org.gradle.internal.classloader.DefaultClassLoaderFactory                       : loaded 2 times (x 78B)
Class org.gradle.internal.classloader.ClassLoaderVisitor                              : loaded 2 times (x 72B)
Class org.gradle.api.internal.classpath.EffectiveClassPath                            : loaded 2 times (x 86B)
Class org.gradle.api.internal.DefaultClassPathProvider                                : loaded 2 times (x 72B)
Class [Lorg.gradle.api.internal.ClassPathProvider;                                    : loaded 2 times (x 65B)
Class org.gradle.api.internal.ClassPathProvider                                       : loaded 2 times (x 66B)
Class org.gradle.internal.service.UnknownServiceException                             : loaded 2 times (x 79B)
Class org.gradle.internal.classpath.TransformedClassPath                              : loaded 2 times (x 92B)
Class org.gradle.internal.classloader.InstrumentingClassLoader                        : loaded 2 times (x 66B)
Class org.gradle.internal.service.ServiceLocator                                      : loaded 2 times (x 66B)
Class org.gradle.internal.InternalTransformer                                         : loaded 2 times (x 66B)
Class org.gradle.internal.classloader.ClasspathUtil$1                                 : loaded 2 times (x 72B)
Class org.gradle.api.internal.classpath.DefaultModuleRegistry$DefaultModule           : loaded 2 times (x 82B)
Class org.gradle.api.internal.classpath.Module                                        : loaded 2 times (x 66B)
Class org.gradle.api.internal.classpath.UnknownModuleException                        : loaded 2 times (x 78B)
Class org.gradle.api.internal.DefaultClassPathRegistry                                : loaded 2 times (x 72B)
Class org.gradle.api.internal.ClassPathRegistry                                       : loaded 2 times (x 66B)
Class org.gradle.internal.classpath.DefaultClassPath$ImmutableUniqueList              : loaded 2 times (x 195B)
Class Settings_gradle$1                                                               : loaded 2 times (x 70B)
Class Program                                                                         : loaded 2 times (x 68B)
Class org.gradle.internal.classpath.ClassPath                                         : loaded 2 times (x 66B)
Class org.gradle.api.UncheckedIOException                                             : loaded 2 times (x 78B)
Class org.gradle.internal.installation.GradleInstallation$1                           : loaded 2 times (x 71B)
Class org.gradle.api.internal.classpath.ModuleRegistry                                : loaded 2 times (x 66B)
Class org.gradle.api.internal.classpath.DefaultModuleRegistry                         : loaded 2 times (x 82B)
Class org.gradle.internal.service.ServiceLookupException                              : loaded 2 times (x 78B)
Class org.gradle.internal.classloader.ClassLoaderFactory                              : loaded 2 times (x 66B)
Class org.gradle.internal.service.CachingServiceLocator                               : loaded 2 times (x 78B)
Class org.gradle.internal.classloader.ClasspathUtil                                   : loaded 2 times (x 67B)
Class org.gradle.api.specs.Spec                                                       : loaded 2 times (x 66B)
Class org.gradle.internal.classloader.VisitableURLClassLoader$InstrumentingVisitableURLClassLoader: loaded 2 times (x 119B)
Class org.gradle.internal.classloader.VisitableURLClassLoader$Spec                    : loaded 2 times (x 70B)
Class org.gradle.internal.classpath.DefaultClassPath                                  : loaded 2 times (x 86B)
Class org.gradle.internal.classloader.ClassLoaderSpec                                 : loaded 2 times (x 67B)
Class Settings_gradle$1$1                                                             : loaded 2 times (x 70B)
Class org.gradle.internal.classloader.VisitableURLClassLoader                         : loaded 2 times (x 113B)
Class Settings_gradle                                                                 : loaded 2 times (x 124B)
Class org.gradle.internal.Cast                                                        : loaded 2 times (x 67B)
Class org.gradle.api.Action                                                           : loaded 2 times (x 66B)
Class org.gradle.internal.classpath.DefaultClassPath$ImmutableUniqueList$Builder      : loaded 2 times (x 71B)
Class org.gradle.api.GradleException                                                  : loaded 2 times (x 78B)
Class org.gradle.internal.IoActions                                                   : loaded 2 times (x 67B)
Class org.gradle.internal.classloader.SystemClassLoaderSpec                           : loaded 2 times (x 67B)
Class org.gradle.api.internal.classpath.GlobalCacheRootsProvider                      : loaded 2 times (x 66B)
Class org.gradle.internal.installation.CurrentGradleInstallationLocator               : loaded 2 times (x 67B)
Class org.gradle.internal.service.DefaultServiceLocator                               : loaded 2 times (x 79B)
Class org.gradle.internal.installation.CurrentGradleInstallation                      : loaded 2 times (x 69B)
Class org.gradle.util.internal.GUtil                                                  : loaded 2 times (x 67B)
Class org.gradle.internal.installation.GradleInstallation                             : loaded 2 times (x 71B)

---------------  S Y S T E M  ---------------

OS:
 Windows 11 , 64 bit Build 26100 (10.0.26100.4202)
OS uptime: 0 days 2:06 hours
Hyper-V role detected

CPU: total 16 (initial active 16) (8 cores per cpu, 2 threads per core) family 6 model 154 stepping 3 microcode 0x432, cx8, cmov, fxsr, ht, mmx, 3dnowpref, sse, sse2, sse3, ssse3, sse4.1, sse4.2, popcnt, lzcnt, tsc, tscinvbit, avx, avx2, aes, erms, clmul, bmi1, bmi2, adx, sha, fma, vzeroupper, clflush, clflushopt, clwb, hv, serialize, rdtscp, rdpid, fsrm, f16c, cet_ibt, cet_ss
Processor Information for processor 0
  Max Mhz: 2500, Current Mhz: 2500, Mhz Limit: 2500
Processor Information for processor 1
  Max Mhz: 2500, Current Mhz: 2500, Mhz Limit: 2500
Processor Information for processor 2
  Max Mhz: 2500, Current Mhz: 2500, Mhz Limit: 2500
Processor Information for processor 3
  Max Mhz: 2500, Current Mhz: 2500, Mhz Limit: 2500
Processor Information for processor 4
  Max Mhz: 2500, Current Mhz: 2500, Mhz Limit: 2500
Processor Information for processor 5
  Max Mhz: 2500, Current Mhz: 2500, Mhz Limit: 2500
Processor Information for processor 6
  Max Mhz: 2500, Current Mhz: 2500, Mhz Limit: 2500
Processor Information for processor 7
  Max Mhz: 2500, Current Mhz: 2500, Mhz Limit: 2500
Processor Information for processor 8
  Max Mhz: 2500, Current Mhz: 1800, Mhz Limit: 1800
Processor Information for processor 9
  Max Mhz: 2500, Current Mhz: 1800, Mhz Limit: 1800
Processor Information for processor 10
  Max Mhz: 2500, Current Mhz: 1800, Mhz Limit: 1800
Processor Information for processor 11
  Max Mhz: 2500, Current Mhz: 1800, Mhz Limit: 1800
Processor Information for processor 12
  Max Mhz: 2500, Current Mhz: 1800, Mhz Limit: 1800
Processor Information for processor 13
  Max Mhz: 2500, Current Mhz: 1800, Mhz Limit: 1800
Processor Information for processor 14
  Max Mhz: 2500, Current Mhz: 1800, Mhz Limit: 1800
Processor Information for processor 15
  Max Mhz: 2500, Current Mhz: 1800, Mhz Limit: 1800

Memory: 4k page, system-wide physical 16176M (4240M free)
TotalPageFile size 16176M (AvailPageFile size 23M)
current process WorkingSet (physical memory assigned to process): 293M, peak: 315M
current process commit charge ("private bytes"): 341M, peak: 397M

vm_info: OpenJDK 64-Bit Server VM (21.0.6+-13391695-b895.109) for windows-amd64 JRE (21.0.6+-13391695-b895.109), built on 2025-04-22T21:19:17Z by "builder" with MS VC++ 16.10 / 16.11 (VS2019)

END.
